<?xml version="1.0" encoding="UTF-8"?>
<testng-results skipped="0" failed="0" ignored="0" total="1" passed="1">
  <reporter-output>
  </reporter-output>
  <suite name="Default suite" duration-ms="9801" started-at="2019-09-18T03:34:09Z" finished-at="2019-09-18T03:34:19Z">
    <groups>
    </groups>
    <test name="Default test" duration-ms="9801" started-at="2019-09-18T03:34:09Z" finished-at="2019-09-18T03:34:19Z">
      <class name="Day1.webdriver">
        <test-method status="PASS" signature="Browerlaunch()[pri:0, instance:Day1.webdriver@2ef5e5e3]" name="Browerlaunch" duration-ms="9770" started-at="2019-09-18T03:34:09Z" finished-at="2019-09-18T03:34:19Z">
          <reporter-output>
          </reporter-output>
        </test-method> <!-- Browerlaunch -->
      </class> <!-- Day1.webdriver -->
    </test> <!-- Default test -->
  </suite> <!-- Default suite -->
</testng-results>
